<?xml version="1.0" encoding="UTF-8"?>
<!-- Generated by org.testng.reporters.JUnitReportReporter -->
<testsuite skipped="0" hostname="LAPTOP-5UMM8TON" name="com.jbk.test.LoginNewTest" tests="1" failures="0" timestamp="2022-03-27T11:36:18 IST" time="8.249" errors="0">
  <testcase name="test01" time="8.249" classname="com.jbk.test.LoginNewTest"/>
  <system-out/>
</testsuite> <!-- com.jbk.test.LoginNewTest -->
