<?xml version="1.0" encoding="UTF-8"?>
<!-- Generated by org.testng.reporters.JUnitReportReporter -->
<testsuite skipped="0" hostname="LAPTOP-5UMM8TON" name="com.jbk.test.LoginTest" tests="1" failures="0" timestamp="2022-03-27T11:19:10 IST" time="12.548" errors="0">
  <testcase name="verifyTitleOfHomePage" time="12.548" classname="com.jbk.test.LoginTest"/>
  <system-out/>
</testsuite> <!-- com.jbk.test.LoginTest -->
