<?xml version="1.0" encoding="UTF-8"?>
<!-- Generated by org.testng.reporters.JUnitReportReporter -->
<testsuite skipped="0" hostname="LAPTOP-5UMM8TON" name="com.jbk.test.Dashboard" tests="2" failures="0" timestamp="2022-03-20T11:13:15 IST" time="0.003" errors="0">
  <testcase name="test03" time="0.002" classname="com.jbk.test.Dashboard"/>
  <system-out/>
  <testcase name="test04" time="0.001" classname="com.jbk.test.Dashboard"/>
  <system-out/>
</testsuite> <!-- com.jbk.test.Dashboard -->
