<?xml version="1.0" encoding="UTF-8"?>
<!-- Generated by org.testng.reporters.JUnitReportReporter -->
<testsuite hostname="LAPTOP-5UMM8TON" failures="0" tests="1" name="com.jbk.demo.WindowHandler" time="61.943" errors="0" timestamp="2021-09-05T11:52:14 IST" skipped="0">
  <testcase classname="com.jbk.demo.WindowHandler" name="link" time="61.943"/>
  <system-out/>
</testsuite> <!-- com.jbk.demo.WindowHandler -->
