<?xml version="1.0" encoding="UTF-8"?>
<!-- Generated by org.testng.reporters.JUnitReportReporter -->
<testsuite hostname="LAPTOP-5UMM8TON" failures="0" tests="3" name="com.jbk.listeners.TestDemo" time="0.017" errors="0" timestamp="2021-06-27T09:38:01 IST" skipped="1">
  <testcase classname="com.jbk.listeners.TestDemo" name="testCase03" time="0.001">
    <skipped/>
  </testcase> <!-- testCase03 -->
  <system-out/>
  <testcase classname="com.jbk.listeners.TestDemo" name="testCase02" time="0.002"/>
  <system-out/>
  <testcase classname="com.jbk.listeners.TestDemo" name="testCase01" time="0.014"/>
  <system-out/>
</testsuite> <!-- com.jbk.listeners.TestDemo -->
