<?xml version="1.0" encoding="UTF-8"?>
<!-- Generated by org.testng.reporters.JUnitReportReporter -->
<testsuite hostname="LAPTOP-5UMM8TON" failures="0" tests="1" name="com.jbk.pages.OctOJT15Nov" time="11.948" errors="0" timestamp="2021-11-15T14:14:29 IST" skipped="0">
  <testcase classname="com.jbk.pages.OctOJT15Nov" name="dashBoardCourse" time="11.948"/>
  <system-out/>
</testsuite> <!-- com.jbk.pages.OctOJT15Nov -->
