<?xml version="1.0" encoding="UTF-8"?>
<!-- Generated by org.testng.reporters.JUnitReportReporter -->
<testsuite skipped="0" hostname="LAPTOP-5UMM8TON" name="com.jbk.test.LoginTest" tests="2" failures="0" timestamp="20 Mar 2022 06:00:32 GMT" time="0.013" errors="0">
  <testcase name="test02" time="0.000" classname="com.jbk.test.LoginTest"/>
  <testcase name="test01" time="0.013" classname="com.jbk.test.LoginTest"/>
</testsuite> <!-- com.jbk.test.LoginTest -->
