<?xml version="1.0" encoding="UTF-8"?>
<!-- Generated by org.testng.reporters.JUnitReportReporter -->
<testsuite skipped="0" hostname="LAPTOP-5UMM8TON" name="com.jbk.test.UserTest" tests="2" failures="0" timestamp="20 Mar 2022 06:00:32 GMT" time="0.002" errors="0">
  <testcase name="test05" time="0.001" classname="com.jbk.test.UserTest"/>
  <testcase name="test06" time="0.001" classname="com.jbk.test.UserTest"/>
</testsuite> <!-- com.jbk.test.UserTest -->
