<?xml version="1.0" encoding="UTF-8"?>
<!-- Generated by org.testng.reporters.JUnitReportReporter -->
<testsuite hostname="LAPTOP-5UMM8TON" failures="0" tests="1" name="com.jbk.TestCasesPractice" time="62.538" errors="0" timestamp="2022-03-01T14:21:35 IST" skipped="0">
  <testcase classname="com.jbk.TestCasesPractice" name="windowHandlerUsefullLinks" time="62.538"/>
  <system-out/>
</testsuite> <!-- com.jbk.TestCasesPractice -->
