<?xml version="1.0" encoding="UTF-8"?>
<!-- Generated by org.testng.reporters.JUnitReportReporter -->
<testsuite hostname="LAPTOP-5UMM8TON" failures="0" tests="2" name="com.jbk.actionEx.ActionCls" time="31.087" errors="0" timestamp="2021-12-25T08:18:58 IST" skipped="0">
  <testcase classname="com.jbk.actionEx.ActionCls" name="test02" time="11.231"/>
  <system-out/>
  <testcase classname="com.jbk.actionEx.ActionCls" name="test01" time="19.856"/>
  <system-out/>
</testsuite> <!-- com.jbk.actionEx.ActionCls -->
