<?xml version="1.0" encoding="UTF-8"?>
<!-- Generated by org.testng.reporters.JUnitReportReporter -->
<testsuite hostname="LAPTOP-5UMM8TON" failures="0" tests="1" name="com.jbk.ActionCls.ActionsExp" time="23.046" errors="0" timestamp="2021-12-25T11:58:33 IST" skipped="0">
  <testcase classname="com.jbk.ActionCls.ActionsExp" name="actionEx2" time="23.046"/>
  <system-out/>
</testsuite> <!-- com.jbk.ActionCls.ActionsExp -->
