<?xml version="1.0" encoding="UTF-8"?>
<!-- Generated by org.testng.reporters.JUnitReportReporter -->
<testsuite skipped="0" hostname="LAPTOP-5UMM8TON" name="com.test.LoginTest" tests="1" failures="0" timestamp="25 Sep 2021 04:17:42 GMT" time="11.734" errors="0">
  <testcase name="test01" time="11.734" classname="com.test.LoginTest"/>
</testsuite> <!-- com.test.LoginTest -->
