<?xml version="1.0" encoding="UTF-8"?>
<!-- Generated by org.testng.reporters.JUnitReportReporter -->
<testsuite skipped="0" hostname="LAPTOP-5UMM8TON" name="com.tests.UserTest" tests="1" failures="0" timestamp="24 Sep 2021 06:31:14 GMT" time="0.361" errors="0">
  <testcase name="validateCounOfHeaderColumns" time="0.361" classname="com.tests.UserTest"/>
</testsuite> <!-- com.tests.UserTest -->
