<?xml version="1.0" encoding="UTF-8"?>
<!-- Generated by org.testng.reporters.JUnitReportReporter -->
<testsuite hostname="LAPTOP-5UMM8TON" failures="0" tests="1" name="com.jbk.ActionCls" time="11.605" errors="0" timestamp="2021-12-24T23:04:11 IST" skipped="0">
  <testcase classname="com.jbk.ActionCls" name="test02" time="11.605"/>
  <system-out/>
</testsuite> <!-- com.jbk.ActionCls -->
