<?xml version="1.0" encoding="UTF-8"?>
<!-- Generated by org.testng.reporters.JUnitReportReporter -->
<testsuite hostname="LAPTOP-5UMM8TON" failures="0" tests="1" name="com.jbk.SeptAug" time="11.192" errors="0" timestamp="2022-01-11T08:48:58 IST" skipped="0">
  <testcase classname="com.jbk.SeptAug" name="verifyCoursesName" time="11.192"/>
  <system-out/>
</testsuite> <!-- com.jbk.SeptAug -->
